# JRE version: Java(TM) SE Runtime Environment (8.0_281-b09) (build 1.8.0_281-b09)
# Java VM: Java HotSpot(TM) 64-Bit Server VM (25.281-b09 mixed mode windows-amd64 compressed oops)
Heap:
 PSYoungGen      total 126976K, used 82527K [0x00000000f5580000, 0x00000000fff80000, 0x0000000100000000)
  eden space 82432K, 99% used [0x00000000f5580000,0x00000000fa564770,0x00000000fa600000)
  from space 44544K, 1% used [0x00000000fa600000,0x00000000fa6c8000,0x00000000fd180000)
  to   space 43520K, 0% used [0x00000000fd500000,0x00000000fd500000,0x00000000fff80000)
 ParOldGen       total 349696K, used 227517K [0x00000000e0000000, 0x00000000f5580000, 0x00000000f5580000)
  object space 349696K, 65% used [0x00000000e0000000,0x00000000ede2f5f8,0x00000000f5580000)
 Metaspace       used 121037K, capacity 130348K, committed 130432K, reserved 1163264K
  class space    used 15609K, capacity 17471K, committed 17536K, reserved 1048576K
GC Heap History (10 events):
Event: 500.844 GC heap before
{Heap before GC invocations=185 (full 8):
 PSYoungGen      total 113664K, used 85472K [0x00000000f5580000, 0x00000000ff880000, 0x0000000100000000)
  eden space 70656K, 100% used [0x00000000f5580000,0x00000000f9a80000,0x00000000f9a80000)
  from space 43008K, 34% used [0x00000000fce80000,0x00000000fdcf8020,0x00000000ff880000)
  to   space 48128K, 0% used [0x00000000f9a80000,0x00000000f9a80000,0x00000000fc980000)
 ParOldGen       total 349696K, used 202537K [0x00000000e0000000, 0x00000000f5580000, 0x00000000f5580000)
  object space 349696K, 57% used [0x00000000e0000000,0x00000000ec5ca608,0x00000000f5580000)
 Metaspace       used 120825K, capacity 130194K, committed 130432K, reserved 1163264K
  class space    used 15603K, capacity 17470K, committed 17536K, reserved 1048576K
Event: 500.859 GC heap after
Heap after GC invocations=185 (full 8):
 PSYoungGen      total 118784K, used 2080K [0x00000000f5580000, 0x0000000100000000, 0x0000000100000000)
  eden space 70656K, 0% used [0x00000000f5580000,0x00000000f5580000,0x00000000f9a80000)
  from space 48128K, 4% used [0x00000000f9a80000,0x00000000f9c88000,0x00000000fc980000)
  to   space 47616K, 0% used [0x00000000fd180000,0x00000000fd180000,0x0000000100000000)
 ParOldGen       total 349696K, used 216889K [0x00000000e0000000, 0x00000000f5580000, 0x00000000f5580000)
  object space 349696K, 62% used [0x00000000e0000000,0x00000000ed3ce598,0x00000000f5580000)
 Metaspace       used 120825K, capacity 130194K, committed 130432K, reserved 1163264K
  class space    used 15603K, capacity 17470K, committed 17536K, reserved 1048576K
}
Event: 501.445 GC heap before
{Heap before GC invocations=186 (full 8):
 PSYoungGen      total 118784K, used 72736K [0x00000000f5580000, 0x0000000100000000, 0x0000000100000000)
  eden space 70656K, 100% used [0x00000000f5580000,0x00000000f9a80000,0x00000000f9a80000)
  from space 48128K, 4% used [0x00000000f9a80000,0x00000000f9c88000,0x00000000fc980000)
  to   space 47616K, 0% used [0x00000000fd180000,0x00000000fd180000,0x0000000100000000)
 ParOldGen       total 349696K, used 216889K [0x00000000e0000000, 0x00000000f5580000, 0x00000000f5580000)
  object space 349696K, 62% used [0x00000000e0000000,0x00000000ed3ce598,0x00000000f5580000)
 Metaspace       used 120847K, capacity 130194K, committed 130432K, reserved 1163264K
  class space    used 15606K, capacity 17470K, committed 17536K, reserved 1048576K
Event: 501.456 GC heap after
Heap after GC invocations=186 (full 8):
 PSYoungGen      total 123904K, used 6400K [0x00000000f5580000, 0x00000000ffd80000, 0x0000000100000000)
  eden space 78848K, 0% used [0x00000000f5580000,0x00000000f5580000,0x00000000fa280000)
  from space 45056K, 14% used [0x00000000fd180000,0x00000000fd7c0000,0x00000000ffd80000)
  to   space 46592K, 0% used [0x00000000fa280000,0x00000000fa280000,0x00000000fd000000)
 ParOldGen       total 349696K, used 218617K [0x00000000e0000000, 0x00000000f5580000, 0x00000000f5580000)
  object space 349696K, 62% used [0x00000000e0000000,0x00000000ed57e5a8,0x00000000f5580000)
 Metaspace       used 120847K, capacity 130194K, committed 130432K, reserved 1163264K
  class space    used 15606K, capacity 17470K, committed 17536K, reserved 1048576K
}
Event: 502.075 GC heap before
{Heap before GC invocations=187 (full 8):
 PSYoungGen      total 123904K, used 85248K [0x00000000f5580000, 0x00000000ffd80000, 0x0000000100000000)
  eden space 78848K, 100% used [0x00000000f5580000,0x00000000fa280000,0x00000000fa280000)
  from space 45056K, 14% used [0x00000000fd180000,0x00000000fd7c0000,0x00000000ffd80000)
  to   space 46592K, 0% used [0x00000000fa280000,0x00000000fa280000,0x00000000fd000000)
 ParOldGen       total 349696K, used 218617K [0x00000000e0000000, 0x00000000f5580000, 0x00000000f5580000)
  object space 349696K, 62% used [0x00000000e0000000,0x00000000ed57e5a8,0x00000000f5580000)
 Metaspace       used 120879K, capacity 130262K, committed 130432K, reserved 1163264K
  class space    used 15607K, capacity 17470K, committed 17536K, reserved 1048576K
Event: 502.091 GC heap after
Heap after GC invocations=187 (full 8):
 PSYoungGen      total 125440K, used 2944K [0x00000000f5580000, 0x00000000fff80000, 0x0000000100000000)
  eden space 78848K, 0% used [0x00000000f5580000,0x00000000f5580000,0x00000000fa280000)
  from space 46592K, 6% used [0x00000000fa280000,0x00000000fa560000,0x00000000fd000000)
  to   space 45568K, 0% used [0x00000000fd300000,0x00000000fd300000,0x00000000fff80000)
 ParOldGen       total 349696K, used 224769K [0x00000000e0000000, 0x00000000f5580000, 0x00000000f5580000)
  object space 349696K, 64% used [0x00000000e0000000,0x00000000edb805b8,0x00000000f5580000)
 Metaspace       used 120879K, capacity 130262K, committed 130432K, reserved 1163264K
  class space    used 15607K, capacity 17470K, committed 17536K, reserved 1048576K
}
Event: 502.373 GC heap before
{Heap before GC invocations=188 (full 8):
 PSYoungGen      total 125440K, used 81792K [0x00000000f5580000, 0x00000000fff80000, 0x0000000100000000)
  eden space 78848K, 100% used [0x00000000f5580000,0x00000000fa280000,0x00000000fa280000)
  from space 46592K, 6% used [0x00000000fa280000,0x00000000fa560000,0x00000000fd000000)
  to   space 45568K, 0% used [0x00000000fd300000,0x00000000fd300000,0x00000000fff80000)
 ParOldGen       total 349696K, used 224769K [0x00000000e0000000, 0x00000000f5580000, 0x00000000f5580000)
  object space 349696K, 64% used [0x00000000e0000000,0x00000000edb805b8,0x00000000f5580000)
 Metaspace       used 120880K, capacity 130262K, committed 130432K, reserved 1163264K
  class space    used 15607K, capacity 17470K, committed 17536K, reserved 1048576K
Event: 502.382 GC heap after
Heap after GC invocations=188 (full 8):
 PSYoungGen      total 125440K, used 1152K [0x00000000f5580000, 0x00000000ffd00000, 0x0000000100000000)
  eden space 82432K, 0% used [0x00000000f5580000,0x00000000f5580000,0x00000000fa600000)
  from space 43008K, 2% used [0x00000000fd300000,0x00000000fd420000,0x00000000ffd00000)
  to   space 44544K, 0% used [0x00000000fa600000,0x00000000fa600000,0x00000000fd180000)
 ParOldGen       total 349696K, used 227229K [0x00000000e0000000, 0x00000000f5580000, 0x00000000f5580000)
  object space 349696K, 64% used [0x00000000e0000000,0x00000000edde75f8,0x00000000f5580000)
 Metaspace       used 120880K, capacity 130262K, committed 130432K, reserved 1163264K
  class space    used 15607K, capacity 17470K, committed 17536K, reserved 1048576K
}
Event: 523.683 GC heap before
{Heap before GC invocations=189 (full 8):
 PSYoungGen      total 125440K, used 83579K [0x00000000f5580000, 0x00000000ffd00000, 0x0000000100000000)
  eden space 82432K, 99% used [0x00000000f5580000,0x00000000fa5fec28,0x00000000fa600000)
  from space 43008K, 2% used [0x00000000fd300000,0x00000000fd420000,0x00000000ffd00000)
  to   space 44544K, 0% used [0x00000000fa600000,0x00000000fa600000,0x00000000fd180000)
 ParOldGen       total 349696K, used 227229K [0x00000000e0000000, 0x00000000f5580000, 0x00000000f5580000)
  object space 349696K, 64% used [0x00000000e0000000,0x00000000edde75f8,0x00000000f5580000)
 Metaspace       used 120889K, capacity 130268K, committed 130432K, reserved 1163264K
  class space    used 15608K, capacity 17471K, committed 17536K, reserved 1048576K
Event: 523.689 GC heap after
Heap after GC invocations=189 (full 8):
 PSYoungGen      total 126976K, used 800K [0x00000000f5580000, 0x00000000fff80000, 0x0000000100000000)
  eden space 82432K, 0% used [0x00000000f5580000,0x00000000f5580000,0x00000000fa600000)
  from space 44544K, 1% used [0x00000000fa600000,0x00000000fa6c8000,0x00000000fd180000)
  to   space 43520K, 0% used [0x00000000fd500000,0x00000000fd500000,0x00000000fff80000)
 ParOldGen       total 349696K, used 227517K [0x00000000e0000000, 0x00000000f5580000, 0x00000000f5580000)
  object space 349696K, 65% used [0x00000000e0000000,0x00000000ede2f5f8,0x00000000f5580000)
 Metaspace       used 120889K, capacity 130268K, committed 130432K, reserved 1163264K
  class space    used 15608K, capacity 17471K, committed 17536K, reserved 1048576K
}

